<?xml version="1.0" encoding="UTF-8"?>
<coverage generated="1679293388660" clover="3.2.0">
  <project timestamp="1679293388660" name="All files">
    <metrics statements="57" coveredstatements="55" conditionals="1" coveredconditionals="0" methods="15" coveredmethods="14" elements="73" coveredelements="69" complexity="0" loc="57" ncloc="57" packages="3" files="10" classes="10"/>
    <package name="src">
      <metrics statements="8" coveredstatements="8" conditionals="0" coveredconditionals="0" methods="1" coveredmethods="1"/>
      <file name="App.tsx" path="/Users/mclakov/Desktop/RS SCHOOL/02_React 2023 Q1/REACT2023Q1/src/App.tsx">
        <metrics statements="8" coveredstatements="8" conditionals="0" coveredconditionals="0" methods="1" coveredmethods="1"/>
        <line num="2" count="1" type="stmt"/>
        <line num="3" count="1" type="stmt"/>
        <line num="4" count="1" type="stmt"/>
        <line num="5" count="1" type="stmt"/>
        <line num="6" count="1" type="stmt"/>
        <line num="7" count="1" type="stmt"/>
        <line num="10" count="3" type="stmt"/>
        <line num="23" count="1" type="stmt"/>
      </file>
    </package>
    <package name="src.pages">
      <metrics statements="12" coveredstatements="12" conditionals="0" coveredconditionals="0" methods="3" coveredmethods="3"/>
      <file name="AboutPage.tsx" path="/Users/mclakov/Desktop/RS SCHOOL/02_React 2023 Q1/REACT2023Q1/src/pages/AboutPage.tsx">
        <metrics statements="3" coveredstatements="3" conditionals="0" coveredconditionals="0" methods="1" coveredmethods="1"/>
        <line num="1" count="1" type="stmt"/>
        <line num="5" count="1" type="stmt"/>
        <line num="9" count="1" type="stmt"/>
      </file>
      <file name="HomePage.tsx" path="/Users/mclakov/Desktop/RS SCHOOL/02_React 2023 Q1/REACT2023Q1/src/pages/HomePage.tsx">
        <metrics statements="6" coveredstatements="6" conditionals="0" coveredconditionals="0" methods="1" coveredmethods="1"/>
        <line num="1" count="1" type="stmt"/>
        <line num="2" count="1" type="stmt"/>
        <line num="3" count="1" type="stmt"/>
        <line num="4" count="1" type="stmt"/>
        <line num="8" count="1" type="stmt"/>
        <line num="17" count="1" type="stmt"/>
      </file>
      <file name="NFPage.tsx" path="/Users/mclakov/Desktop/RS SCHOOL/02_React 2023 Q1/REACT2023Q1/src/pages/NFPage.tsx">
        <metrics statements="3" coveredstatements="3" conditionals="0" coveredconditionals="0" methods="1" coveredmethods="1"/>
        <line num="1" count="1" type="stmt"/>
        <line num="5" count="1" type="stmt"/>
        <line num="9" count="1" type="stmt"/>
      </file>
    </package>
    <package name="src.widgets">
      <metrics statements="37" coveredstatements="35" conditionals="1" coveredconditionals="0" methods="11" coveredmethods="10"/>
      <file name="Card.tsx" path="/Users/mclakov/Desktop/RS SCHOOL/02_React 2023 Q1/REACT2023Q1/src/widgets/Card.tsx">
        <metrics statements="4" coveredstatements="4" conditionals="0" coveredconditionals="0" methods="1" coveredmethods="1"/>
        <line num="1" count="1" type="stmt"/>
        <line num="2" count="1" type="stmt"/>
        <line num="20" count="8" type="stmt"/>
        <line num="36" count="1" type="stmt"/>
      </file>
      <file name="Cards.tsx" path="/Users/mclakov/Desktop/RS SCHOOL/02_React 2023 Q1/REACT2023Q1/src/widgets/Cards.tsx">
        <metrics statements="6" coveredstatements="6" conditionals="0" coveredconditionals="0" methods="2" coveredmethods="2"/>
        <line num="1" count="1" type="stmt"/>
        <line num="2" count="1" type="stmt"/>
        <line num="3" count="1" type="stmt"/>
        <line num="27" count="1" type="stmt"/>
        <line num="30" count="8" type="stmt"/>
        <line num="37" count="1" type="stmt"/>
      </file>
      <file name="Footer.tsx" path="/Users/mclakov/Desktop/RS SCHOOL/02_React 2023 Q1/REACT2023Q1/src/widgets/Footer.tsx">
        <metrics statements="4" coveredstatements="4" conditionals="0" coveredconditionals="0" methods="1" coveredmethods="1"/>
        <line num="1" count="1" type="stmt"/>
        <line num="2" count="1" type="stmt"/>
        <line num="6" count="3" type="stmt"/>
        <line num="17" count="1" type="stmt"/>
      </file>
      <file name="Header.tsx" path="/Users/mclakov/Desktop/RS SCHOOL/02_React 2023 Q1/REACT2023Q1/src/widgets/Header.tsx">
        <metrics statements="5" coveredstatements="5" conditionals="0" coveredconditionals="0" methods="1" coveredmethods="1"/>
        <line num="1" count="2" type="stmt"/>
        <line num="2" count="2" type="stmt"/>
        <line num="3" count="2" type="stmt"/>
        <line num="7" count="4" type="stmt"/>
        <line num="30" count="2" type="stmt"/>
      </file>
      <file name="Layout.tsx" path="/Users/mclakov/Desktop/RS SCHOOL/02_React 2023 Q1/REACT2023Q1/src/widgets/Layout.tsx">
        <metrics statements="7" coveredstatements="7" conditionals="0" coveredconditionals="0" methods="1" coveredmethods="1"/>
        <line num="1" count="1" type="stmt"/>
        <line num="2" count="1" type="stmt"/>
        <line num="3" count="1" type="stmt"/>
        <line num="4" count="1" type="stmt"/>
        <line num="5" count="1" type="stmt"/>
        <line num="9" count="3" type="stmt"/>
        <line num="21" count="1" type="stmt"/>
      </file>
      <file name="SearchBar.tsx" path="/Users/mclakov/Desktop/RS SCHOOL/02_React 2023 Q1/REACT2023Q1/src/widgets/SearchBar.tsx">
        <metrics statements="11" coveredstatements="9" conditionals="1" coveredconditionals="0" methods="5" coveredmethods="4"/>
        <line num="1" count="2" type="stmt"/>
        <line num="8" count="2" type="stmt"/>
        <line num="9" count="2" type="stmt"/>
        <line num="12" count="2" type="stmt"/>
        <line num="16" count="0" type="stmt"/>
        <line num="20" count="2" type="stmt"/>
        <line num="21" count="2" type="cond" truecount="0" falsecount="1"/>
        <line num="22" count="0" type="stmt"/>
        <line num="27" count="2" type="stmt"/>
        <line num="31" count="2" type="stmt"/>
        <line num="45" count="2" type="stmt"/>
      </file>
    </package>
  </project>
</coverage>
