{"/Users/mclakov/Desktop/RS SCHOOL/02_React 2023 Q1/REACT2023Q1/src/App.tsx": {"path":"/Users/mclakov/Desktop/RS SCHOOL/02_React 2023 Q1/REACT2023Q1/src/App.tsx","statementMap":{"0":{"start":{"line":2,"column":0},"end":{"line":2,"column":49}},"1":{"start":{"line":3,"column":0},"end":{"line":3,"column":40}},"2":{"start":{"line":4,"column":0},"end":{"line":4,"column":36}},"3":{"start":{"line":5,"column":0},"end":{"line":5,"column":42}},"4":{"start":{"line":6,"column":0},"end":{"line":6,"column":38}},"5":{"start":{"line":7,"column":0},"end":{"line":7,"column":19}},"6":{"start":{"line":10,"column":2},"end":{"line":20,"column":4}},"7":{"start":{"line":23,"column":0},"end":{"line":23,"column":19}}},"fnMap":{"0":{"name":"App","decl":{"start":{"line":9,"column":9},"end":{"line":9,"column":12}},"loc":{"start":{"line":9,"column":12},"end":{"line":21,"column":1}}}},"branchMap":{},"s":{"0":1,"1":1,"2":1,"3":1,"4":1,"5":1,"6":3,"7":1},"f":{"0":3},"b":{}}
,"/Users/mclakov/Desktop/RS SCHOOL/02_React 2023 Q1/REACT2023Q1/src/pages/AboutPage.tsx": {"path":"/Users/mclakov/Desktop/RS SCHOOL/02_React 2023 Q1/REACT2023Q1/src/pages/AboutPage.tsx","statementMap":{"0":{"start":{"line":1,"column":0},"end":{"line":1,"column":41}},"1":{"start":{"line":5,"column":4},"end":{"line":5,"column":58}},"2":{"start":{"line":9,"column":0},"end":{"line":9,"column":25}}},"fnMap":{"0":{"name":"(anonymous_0)","decl":{"start":{"line":4,"column":2},"end":{"line":4,"column":8}},"loc":{"start":{"line":4,"column":8},"end":{"line":6,"column":3}}}},"branchMap":{},"s":{"0":1,"1":1,"2":1},"f":{"0":1},"b":{}}
,"/Users/mclakov/Desktop/RS SCHOOL/02_React 2023 Q1/REACT2023Q1/src/pages/HomePage.tsx": {"path":"/Users/mclakov/Desktop/RS SCHOOL/02_React 2023 Q1/REACT2023Q1/src/pages/HomePage.tsx","statementMap":{"0":{"start":{"line":1,"column":0},"end":{"line":1,"column":41}},"1":{"start":{"line":2,"column":0},"end":{"line":2,"column":45}},"2":{"start":{"line":3,"column":0},"end":{"line":3,"column":37}},"3":{"start":{"line":4,"column":0},"end":{"line":4,"column":48}},"4":{"start":{"line":8,"column":4},"end":{"line":13,"column":6}},"5":{"start":{"line":17,"column":0},"end":{"line":17,"column":24}}},"fnMap":{"0":{"name":"(anonymous_1)","decl":{"start":{"line":7,"column":2},"end":{"line":7,"column":8}},"loc":{"start":{"line":7,"column":8},"end":{"line":14,"column":3}}}},"branchMap":{},"s":{"0":1,"1":1,"2":1,"3":1,"4":1,"5":1},"f":{"0":1},"b":{}}
,"/Users/mclakov/Desktop/RS SCHOOL/02_React 2023 Q1/REACT2023Q1/src/pages/NFPage.tsx": {"path":"/Users/mclakov/Desktop/RS SCHOOL/02_React 2023 Q1/REACT2023Q1/src/pages/NFPage.tsx","statementMap":{"0":{"start":{"line":1,"column":0},"end":{"line":1,"column":41}},"1":{"start":{"line":5,"column":4},"end":{"line":5,"column":66}},"2":{"start":{"line":9,"column":0},"end":{"line":9,"column":22}}},"fnMap":{"0":{"name":"(anonymous_0)","decl":{"start":{"line":4,"column":2},"end":{"line":4,"column":8}},"loc":{"start":{"line":4,"column":8},"end":{"line":6,"column":3}}}},"branchMap":{},"s":{"0":1,"1":1,"2":1},"f":{"0":1},"b":{}}
,"/Users/mclakov/Desktop/RS SCHOOL/02_React 2023 Q1/REACT2023Q1/src/widgets/Card.tsx": {"path":"/Users/mclakov/Desktop/RS SCHOOL/02_React 2023 Q1/REACT2023Q1/src/widgets/Card.tsx","statementMap":{"0":{"start":{"line":1,"column":0},"end":{"line":1,"column":41}},"1":{"start":{"line":2,"column":0},"end":{"line":2,"column":39}},"2":{"start":{"line":20,"column":4},"end":{"line":32,"column":6}},"3":{"start":{"line":36,"column":0},"end":{"line":36,"column":20}}},"fnMap":{"0":{"name":"(anonymous_1)","decl":{"start":{"line":19,"column":2},"end":{"line":19,"column":8}},"loc":{"start":{"line":19,"column":8},"end":{"line":33,"column":3}}}},"branchMap":{},"s":{"0":1,"1":1,"2":8,"3":1},"f":{"0":8},"b":{}}
,"/Users/mclakov/Desktop/RS SCHOOL/02_React 2023 Q1/REACT2023Q1/src/widgets/Cards.tsx": {"path":"/Users/mclakov/Desktop/RS SCHOOL/02_React 2023 Q1/REACT2023Q1/src/widgets/Cards.tsx","statementMap":{"0":{"start":{"line":1,"column":0},"end":{"line":1,"column":41}},"1":{"start":{"line":2,"column":0},"end":{"line":2,"column":26}},"2":{"start":{"line":3,"column":0},"end":{"line":3,"column":40}},"3":{"start":{"line":27,"column":4},"end":{"line":33,"column":6}},"4":{"start":{"line":30,"column":10},"end":{"line":30,"column":57}},"5":{"start":{"line":37,"column":0},"end":{"line":37,"column":21}}},"fnMap":{"0":{"name":"(anonymous_1)","decl":{"start":{"line":26,"column":2},"end":{"line":26,"column":8}},"loc":{"start":{"line":26,"column":8},"end":{"line":34,"column":3}}},"1":{"name":"(anonymous_2)","decl":{"start":{"line":29,"column":30},"end":{"line":29,"column":31}},"loc":{"start":{"line":30,"column":10},"end":{"line":30,"column":57}}}},"branchMap":{},"s":{"0":1,"1":1,"2":1,"3":1,"4":8,"5":1},"f":{"0":1,"1":8},"b":{}}
,"/Users/mclakov/Desktop/RS SCHOOL/02_React 2023 Q1/REACT2023Q1/src/widgets/Footer.tsx": {"path":"/Users/mclakov/Desktop/RS SCHOOL/02_React 2023 Q1/REACT2023Q1/src/widgets/Footer.tsx","statementMap":{"0":{"start":{"line":1,"column":0},"end":{"line":1,"column":41}},"1":{"start":{"line":2,"column":0},"end":{"line":2,"column":41}},"2":{"start":{"line":6,"column":4},"end":{"line":13,"column":6}},"3":{"start":{"line":17,"column":0},"end":{"line":17,"column":22}}},"fnMap":{"0":{"name":"(anonymous_1)","decl":{"start":{"line":5,"column":2},"end":{"line":5,"column":8}},"loc":{"start":{"line":5,"column":8},"end":{"line":14,"column":3}}}},"branchMap":{},"s":{"0":1,"1":1,"2":3,"3":1},"f":{"0":3},"b":{}}
,"/Users/mclakov/Desktop/RS SCHOOL/02_React 2023 Q1/REACT2023Q1/src/widgets/Header.tsx": {"path":"/Users/mclakov/Desktop/RS SCHOOL/02_React 2023 Q1/REACT2023Q1/src/widgets/Header.tsx","statementMap":{"0":{"start":{"line":1,"column":0},"end":{"line":1,"column":41}},"1":{"start":{"line":2,"column":0},"end":{"line":2,"column":43}},"2":{"start":{"line":3,"column":0},"end":{"line":3,"column":41}},"3":{"start":{"line":7,"column":4},"end":{"line":26,"column":6}},"4":{"start":{"line":30,"column":0},"end":{"line":30,"column":22}}},"fnMap":{"0":{"name":"(anonymous_1)","decl":{"start":{"line":6,"column":2},"end":{"line":6,"column":8}},"loc":{"start":{"line":6,"column":8},"end":{"line":27,"column":3}}}},"branchMap":{},"s":{"0":2,"1":2,"2":2,"3":4,"4":2},"f":{"0":4},"b":{}}
,"/Users/mclakov/Desktop/RS SCHOOL/02_React 2023 Q1/REACT2023Q1/src/widgets/Layout.tsx": {"path":"/Users/mclakov/Desktop/RS SCHOOL/02_React 2023 Q1/REACT2023Q1/src/widgets/Layout.tsx","statementMap":{"0":{"start":{"line":1,"column":0},"end":{"line":1,"column":41}},"1":{"start":{"line":2,"column":0},"end":{"line":2,"column":42}},"2":{"start":{"line":3,"column":0},"end":{"line":3,"column":41}},"3":{"start":{"line":4,"column":0},"end":{"line":4,"column":30}},"4":{"start":{"line":5,"column":0},"end":{"line":5,"column":30}},"5":{"start":{"line":9,"column":4},"end":{"line":17,"column":6}},"6":{"start":{"line":21,"column":0},"end":{"line":21,"column":22}}},"fnMap":{"0":{"name":"(anonymous_1)","decl":{"start":{"line":8,"column":2},"end":{"line":8,"column":8}},"loc":{"start":{"line":8,"column":8},"end":{"line":18,"column":3}}}},"branchMap":{},"s":{"0":1,"1":1,"2":1,"3":1,"4":1,"5":3,"6":1},"f":{"0":3},"b":{}}
,"/Users/mclakov/Desktop/RS SCHOOL/02_React 2023 Q1/REACT2023Q1/src/widgets/SearchBar.tsx": {"path":"/Users/mclakov/Desktop/RS SCHOOL/02_React 2023 Q1/REACT2023Q1/src/widgets/SearchBar.tsx","statementMap":{"0":{"start":{"line":1,"column":0},"end":{"line":1,"column":41}},"1":{"start":{"line":8,"column":4},"end":{"line":8,"column":17}},"2":{"start":{"line":9,"column":4},"end":{"line":11,"column":6}},"3":{"start":{"line":12,"column":4},"end":{"line":12,"column":53}},"4":{"start":{"line":16,"column":4},"end":{"line":16,"column":55}},"5":{"start":{"line":20,"column":30},"end":{"line":20,"column":59}},"6":{"start":{"line":21,"column":4},"end":{"line":23,"column":null}},"7":{"start":{"line":22,"column":6},"end":{"line":22,"column":56}},"8":{"start":{"line":27,"column":4},"end":{"line":27,"column":58}},"9":{"start":{"line":31,"column":4},"end":{"line":41,"column":6}},"10":{"start":{"line":45,"column":0},"end":{"line":45,"column":25}}},"fnMap":{"0":{"name":"(anonymous_0)","decl":{"start":{"line":7,"column":2},"end":{"line":7,"column":14}},"loc":{"start":{"line":7,"column":36},"end":{"line":13,"column":3}}},"1":{"name":"(anonymous_1)","decl":{"start":{"line":15,"column":2},"end":{"line":15,"column":14}},"loc":{"start":{"line":15,"column":57},"end":{"line":17,"column":3}}},"2":{"name":"(anonymous_2)","decl":{"start":{"line":19,"column":2},"end":{"line":19,"column":19}},"loc":{"start":{"line":19,"column":19},"end":{"line":24,"column":3}}},"3":{"name":"(anonymous_3)","decl":{"start":{"line":26,"column":2},"end":{"line":26,"column":22}},"loc":{"start":{"line":26,"column":22},"end":{"line":28,"column":3}}},"4":{"name":"(anonymous_4)","decl":{"start":{"line":30,"column":2},"end":{"line":30,"column":8}},"loc":{"start":{"line":30,"column":8},"end":{"line":42,"column":3}}}},"branchMap":{"0":{"loc":{"start":{"line":21,"column":4},"end":{"line":23,"column":null}},"type":"if","locations":[{"start":{"line":21,"column":4},"end":{"line":23,"column":null}}]}},"s":{"0":2,"1":2,"2":2,"3":2,"4":0,"5":2,"6":2,"7":0,"8":2,"9":2,"10":2},"f":{"0":2,"1":0,"2":2,"3":2,"4":2},"b":{"0":[0]}}
}
